<?xml version="1.0" encoding="UTF-8"?>
<testsuite xmlns:xsi="http://www.w3.org/2001/XMLSchema-instance" xsi:noNamespaceSchemaLocation="https://maven.apache.org/surefire/maven-surefire-plugin/xsd/surefire-test-report.xsd" version="3.0.1" name="com.adt.AppTest" time="0.672" tests="3" errors="0" skipped="0" failures="0">
  <properties>
[...]
</properties>
  <testcase name="listarEmpresas" classname="com.adt.AppTest" time="0.609">
    <system-out><![CDATA[✅ Conexión establecida correctamente.
1
Tech Solutions
Software
984123456
2
Radiolab
Sanidad
985987654
[Empresa{idEmpresa=1, nombre='Tech Solutions', vector='Software', telefono='984123456', email='info@techsolutions.com', direccion='null'}, Empresa{idEmpresa=2, nombre='Radiolab', vector='Sanidad', telefono='985987654', email='contacto@radiolab.es', direccion='null'}]
]]></system-out>
  </testcase>
  <testcase name="conexionBD" classname="com.adt.AppTest" time="0.019">
    <system-out><![CDATA[✅ Conexión establecida correctamente.
]]></system-out>
  </testcase>
  <testcase name="buscarPorId" classname="com.adt.AppTest" time="0.024">
    <system-out><![CDATA[✅ Conexión establecida correctamente.
1
Tech Solutions
Software
984123456
Empresa{idEmpresa=1, nombre='Tech Solutions', vector='Software', telefono='984123456', email='info@techsolutions.com', direccion='null'}
]]></system-out>
  </testcase>
</testsuite>